2017-04-07T06:42:22.7129497Z
2017-04-07T06:42:22.7445602Z w3wp, pid=9208, tid=3
2017-04-07T06:42:22.7445602Z "D:\Program Files (x86)\mysql\5.7.9.0\bin\mysqld.exe" --console --bind-address=127.0.0.1 --explicit_defaults_for_timestamp --basedir="D:\Program Files (x86)\mysql\5.7.9.0" --datadir="C:\DWASFiles\Sites\1401590\VirtualDirectory0\data\mysql" --port="50054" --tmpdir="D:\local\temp\mysql" --innodb_temp_data_file_path="..\..\..\temp\mysql\ibtmp1:12M:autoextend" --pid-file="D:\local\temp\mysql\RD00155D2AC631.pid" 
2017-04-07T06:42:22.7773644Z mysqld:676 started
2017-04-07T06:42:23.133937Z 0 [Warning] 'NO_ZERO_DATE', 'NO_ZERO_IN_DATE' and 'ERROR_FOR_DIVISION_BY_ZERO' sql modes should be used with strict mode. They will be merged with strict mode in a future release.
2017-04-07T06:42:23.133937Z 0 [Warning] 'NO_AUTO_CREATE_USER' sql mode was not set.
2017-04-07T06:42:23.133937Z 0 [Warning] Insecure configuration for --secure-file-priv: Current value does not restrict location of generated files. Consider setting it to a valid, non-empty path.
2017-04-07T06:42:23.133937Z 0 [ERROR] Cannot open Windows EventLog; check privileges, or start server with --log_syslog=0
2017-04-07T06:42:23.133937Z 0 [Note] D:\Program Files (x86)\mysql\5.7.9.0\bin\mysqld.exe (mysqld 5.7.9) starting as process 676 ...
2017-04-07T06:42:23.196428Z 0 [Note] InnoDB: Mutexes and rw_locks use Windows interlocked functions
2017-04-07T06:42:23.196428Z 0 [Note] InnoDB: Uses event mutexes
2017-04-07T06:42:23.196428Z 0 [Note] InnoDB: Memory barrier is not used
2017-04-07T06:42:23.196428Z 0 [Note] InnoDB: Compressed tables use zlib 1.2.3
2017-04-07T06:42:23.196428Z 0 [Note] InnoDB: Number of pools: 1
2017-04-07T06:42:23.196428Z 0 [Note] InnoDB: Not using CPU crc32 instructions
2017-04-07T06:42:23.294905Z 0 [Note] InnoDB: Initializing buffer pool, total size = 256M, instances = 1, chunk size = 128M
2017-04-07T06:42:23.337061Z 0 [Note] InnoDB: Completed initialization of buffer pool
2017-04-07T06:42:23.697542Z 0 [Note] InnoDB: Highest supported file format is Barracuda.
2017-04-07T06:42:27.140702Z 0 [Note] InnoDB: Creating shared tablespace for temporary tables
2017-04-07T06:42:27.140702Z 0 [Note] InnoDB: Setting file '..\..\..\temp\mysql\ibtmp1' size to 12 MB. Physically writing the file full; Please wait ...
2017-04-07T06:42:28.211898Z 0 [Note] InnoDB: File '..\..\..\temp\mysql\ibtmp1' size is now 12 MB.
2017-04-07T06:42:28.222146Z 0 [Note] InnoDB: 96 redo rollback segment(s) found. 96 redo rollback segment(s) are active.
2017-04-07T06:42:28.222146Z 0 [Note] InnoDB: 32 non-redo rollback segment(s) are active.
2017-04-07T06:42:28.222146Z 0 [Note] InnoDB: Waiting for purge to start
2017-04-07T06:42:28.288591Z 0 [Note] InnoDB: page_cleaner: 1000ms intended loop took 4935ms. The settings might not be optimal. (flushed=0 and evicted=0, during the time.)
2017-04-07T06:42:28.288591Z 0 [Note] InnoDB: 5.7.9 started; log sequence number 2472392
2017-04-07T06:42:28.288591Z 0 [Note] Plugin 'FEDERATED' is disabled.
2017-04-07T06:42:28.300445Z 0 [Note] InnoDB: not started
2017-04-07T06:42:28.300445Z 0 [Note] InnoDB: Loading buffer pool(s) from C:\DWASFiles\Sites\1401590\VirtualDirectory0\data\mysql\ib_buffer_pool
2017-04-07T06:42:28.378400Z 0 [Warning] Failed to set up SSL because of the following SSL library error: SSL context is not usable without certificate and private key
2017-04-07T06:42:28.378400Z 0 [Note] Server hostname (bind-address): '127.0.0.1'; port: 50054
2017-04-07T06:42:28.378400Z 0 [Note]   - '127.0.0.1' resolves to '127.0.0.1';
2017-04-07T06:42:28.378400Z 0 [Note] Server socket created on IP: '127.0.0.1'.
2017-04-07T06:42:28.956626Z 0 [Note] InnoDB: Buffer pool(s) load completed at 170407  6:42:28
2017-04-07T06:42:29.648791Z 0 [Note] Event Scheduler: Loaded 0 events
2017-04-07T06:42:29.664423Z 0 [Note] D:\Program Files (x86)\mysql\5.7.9.0\bin\mysqld.exe: ready for connections.
Version: '5.7.9'  socket: ''  port: 50054  MySQL Community Server (GPL)
2017-04-07T06:42:29.6644235Z mysqld(676) is ready at port 50054!
2017-04-07T06:54:57.218743Z 0 [Note] InnoDB: page_cleaner: 1000ms intended loop took 11535ms. The settings might not be optimal. (flushed=0 and evicted=0, during the time.)
2017-04-07T06:55:31.445902Z 0 [Note] InnoDB: page_cleaner: 1000ms intended loop took 20938ms. The settings might not be optimal. (flushed=0 and evicted=0, during the time.)
2017-04-07T06:55:46.303825Z 0 [Note] InnoDB: page_cleaner: 1000ms intended loop took 9802ms. The settings might not be optimal. (flushed=0 and evicted=0, during the time.)
2017-04-07T07:07:10.304578Z 25 [Note] Access denied for user 'localdb'@'localhost' (using password: NO)
2017-04-07T07:10:12.241043Z 27 [Note] Access denied for user 'localdb'@'localhost' (using password: NO)
2017-04-07T07:14:04.792765Z 37 [Note] Access denied for user 'localdb'@'localhost' (using password: NO)
2017-04-07T07:15:01.546335Z 39 [Note] Access denied for user 'localdb'@'localhost' (using password: NO)
2017-04-07T07:15:16.400496Z 40 [Note] Access denied for user 'localdb'@'localhost' (using password: NO)
2017-04-07T07:16:22.736595Z 42 [Note] Access denied for user 'localdb'@'localhost' (using password: NO)
2017-04-07T07:18:10.242266Z 44 [Note] Access denied for user 'localdb'@'localhost' (using password: NO)
2017-04-07T07:18:38.149864Z 0 [Note] InnoDB: page_cleaner: 1000ms intended loop took 5695ms. The settings might not be optimal. (flushed=0 and evicted=0, during the time.)
2017-04-07T07:21:04.720787Z 46 [Note] Access denied for user 'localdb'@'localhost' (using password: NO)
2017-04-07T07:21:17.478376Z 47 [Note] Access denied for user 'localdb'@'localhost' (using password: NO)
2017-04-07T07:21:47.069828Z 48 [Note] Access denied for user 'localdb'@'localhost' (using password: NO)
2017-04-07T07:22:06.797907Z 50 [Note] Access denied for user 'localdb'@'localhost' (using password: NO)
2017-04-07T07:23:30.077871Z 52 [Note] Access denied for user 'localdb'@'localhost' (using password: NO)
2017-04-07T07:56:02.254155Z 0 [Note] InnoDB: page_cleaner: 1000ms intended loop took 10016ms. The settings might not be optimal. (flushed=0 and evicted=0, during the time.)
2017-04-20T04:05:23.023363Z 0 [Note] D:\Program Files (x86)\mysql\5.7.9.0\bin\mysqld.exe: Normal shutdown

2017-04-20T04:05:23.039017Z 0 [Note] Giving 0 client threads a chance to die gracefully
2017-04-20T04:05:23.039017Z 0 [Note] Shutting down slave threads
2017-04-20T04:05:23.039017Z 0 [Note] Forcefully disconnecting 0 remaining clients
2017-04-20T04:05:23.039017Z 0 [Note] Event Scheduler: Purging the queue. 0 events
2017-04-20T04:05:23.254190Z 0 [Note] Binlog end
2017-04-20T04:05:23.842960Z 0 [Note] Shutting down plugin 'ngram'
2017-04-20T04:05:23.842960Z 0 [Note] Shutting down plugin 'partition'
2017-04-20T04:05:23.842960Z 0 [Note] Shutting down plugin 'BLACKHOLE'
2017-04-20T04:05:23.842960Z 0 [Note] Shutting down plugin 'ARCHIVE'
2017-04-20T04:05:23.842960Z 0 [Note] Shutting down plugin 'PERFORMANCE_SCHEMA'
2017-04-20T04:05:23.842960Z 0 [Note] Shutting down plugin 'MRG_MYISAM'
2017-04-20T04:05:23.842960Z 0 [Note] Shutting down plugin 'MyISAM'
2017-04-20T04:05:23.875833Z 0 [Note] Shutting down plugin 'INNODB_SYS_VIRTUAL'
2017-04-20T04:05:23.875833Z 0 [Note] Shutting down plugin 'INNODB_SYS_DATAFILES'
2017-04-20T04:05:23.875833Z 0 [Note] Shutting down plugin 'INNODB_SYS_TABLESPACES'
2017-04-20T04:05:23.875833Z 0 [Note] Shutting down plugin 'INNODB_SYS_FOREIGN_COLS'
2017-04-20T04:05:23.875833Z 0 [Note] Shutting down plugin 'INNODB_SYS_FOREIGN'
2017-04-20T04:05:23.875833Z 0 [Note] Shutting down plugin 'INNODB_SYS_FIELDS'
2017-04-20T04:05:23.875833Z 0 [Note] Shutting down plugin 'INNODB_SYS_COLUMNS'
2017-04-20T04:05:23.875833Z 0 [Note] Shutting down plugin 'INNODB_SYS_INDEXES'
2017-04-20T04:05:23.875833Z 0 [Note] Shutting down plugin 'INNODB_SYS_TABLESTATS'
2017-04-20T04:05:23.875833Z 0 [Note] Shutting down plugin 'INNODB_SYS_TABLES'
2017-04-20T04:05:23.875833Z 0 [Note] Shutting down plugin 'INNODB_FT_INDEX_TABLE'
2017-04-20T04:05:23.875833Z 0 [Note] Shutting down plugin 'INNODB_FT_INDEX_CACHE'
2017-04-20T04:05:23.875833Z 0 [Note] Shutting down plugin 'INNODB_FT_CONFIG'
2017-04-20T04:05:23.875833Z 0 [Note] Shutting down plugin 'INNODB_FT_BEING_DELETED'
2017-04-20T04:05:23.875833Z 0 [Note] Shutting down plugin 'INNODB_FT_DELETED'
2017-04-20T04:05:23.875833Z 0 [Note] Shutting down plugin 'INNODB_FT_DEFAULT_STOPWORD'
2017-04-20T04:05:23.875833Z 0 [Note] Shutting down plugin 'INNODB_METRICS'
2017-04-20T04:05:23.875833Z 0 [Note] Shutting down plugin 'INNODB_TEMP_TABLE_INFO'
2017-04-20T04:05:23.875833Z 0 [Note] Shutting down plugin 'INNODB_BUFFER_POOL_STATS'
2017-04-20T04:05:23.875833Z 0 [Note] Shutting down plugin 'INNODB_BUFFER_PAGE_LRU'
2017-04-20T04:05:23.875833Z 0 [Note] Shutting down plugin 'INNODB_BUFFER_PAGE'
2017-04-20T04:05:23.875833Z 0 [Note] Shutting down plugin 'INNODB_CMP_PER_INDEX_RESET'
2017-04-20T04:05:23.875833Z 0 [Note] Shutting down plugin 'INNODB_CMP_PER_INDEX'
2017-04-20T04:05:23.875833Z 0 [Note] Shutting down plugin 'INNODB_CMPMEM_RESET'
2017-04-20T04:05:23.875833Z 0 [Note] Shutting down plugin 'INNODB_CMPMEM'
2017-04-20T04:05:23.875833Z 0 [Note] Shutting down plugin 'INNODB_CMP_RESET'
2017-04-20T04:05:23.875833Z 0 [Note] Shutting down plugin 'INNODB_CMP'
2017-04-20T04:05:23.875833Z 0 [Note] Shutting down plugin 'INNODB_LOCK_WAITS'
2017-04-20T04:05:23.875833Z 0 [Note] Shutting down plugin 'INNODB_LOCKS'
2017-04-20T04:05:23.875833Z 0 [Note] Shutting down plugin 'INNODB_TRX'
2017-04-20T04:05:23.875833Z 0 [Note] Shutting down plugin 'InnoDB'
2017-04-20T04:05:23.889805Z 0 [Note] InnoDB: FTS optimize thread exiting.
2017-04-20T04:05:23.889805Z 0 [Note] InnoDB: Starting shutdown...
2017-04-20T04:05:24.202307Z 0 [Note] InnoDB: Dumping buffer pool(s) to C:\DWASFiles\Sites\1401590\VirtualDirectory0\data\mysql\ib_buffer_pool
2017-04-20T04:05:24.280422Z 0 [Note] InnoDB: Buffer pool(s) dump completed at 170420  4:05:24
